# JRE version: Java(TM) SE Runtime Environment (16.0.1+9) (build 16.0.1+9-24)
# Java VM: Java HotSpot(TM) 64-Bit Server VM (16.0.1+9-24, mixed mode, sharing, tiered, compressed oops, compressed class ptrs, g1 gc, windows-amd64)
GC Precious Log:
 CPUs: 4 total, 4 available
 Memory: 12172M
 Large Page Support: Disabled
 NUMA Support: Disabled
 Compressed Oops: Enabled (Zero based)
 Heap Region Size: 2M
 Heap Min Capacity: 8M
 Heap Initial Capacity: 192M
 Heap Max Capacity: 3044M
 Pre-touch: Disabled
 Parallel Workers: 4
 Concurrent Workers: 1
 Concurrent Refinement Workers: 4
 Periodic GC: Disabled
Heap:
 garbage-first heap   total 98304K, used 63923K [0x0000000741c00000, 0x0000000800000000)
  region size 2048K, 15 young (30720K), 1 survivors (2048K)
 Metaspace       used 71523K, committed 72064K, reserved 1114112K
  class space    used 8836K, committed 9088K, reserved 1048576K
GC Heap History (20 events):
Event: 2252.336 GC heap before
{Heap before GC invocations=127 (full 0):
 garbage-first heap   total 98304K, used 80265K [0x0000000741c00000, 0x0000000800000000)
  region size 2048K, 21 young (43008K), 1 survivors (2048K)
 Metaspace       used 71370K, committed 71936K, reserved 1114112K
  class space    used 8816K, committed 9088K, reserved 1048576K
}
Event: 2252.337 GC heap after
{Heap after GC invocations=128 (full 0):
 garbage-first heap   total 98304K, used 39280K [0x0000000741c00000, 0x0000000800000000)
  region size 2048K, 1 young (2048K), 1 survivors (2048K)
 Metaspace       used 71370K, committed 71936K, reserved 1114112K
  class space    used 8816K, committed 9088K, reserved 1048576K
}
Event: 2254.993 GC heap before
{Heap before GC invocations=128 (full 0):
 garbage-first heap   total 98304K, used 80240K [0x0000000741c00000, 0x0000000800000000)
  region size 2048K, 21 young (43008K), 1 survivors (2048K)
 Metaspace       used 71370K, committed 71936K, reserved 1114112K
  class space    used 8816K, committed 9088K, reserved 1048576K
}
Event: 2254.993 GC heap after
{Heap after GC invocations=129 (full 0):
 garbage-first heap   total 98304K, used 39318K [0x0000000741c00000, 0x0000000800000000)
  region size 2048K, 1 young (2048K), 1 survivors (2048K)
 Metaspace       used 71370K, committed 71936K, reserved 1114112K
  class space    used 8816K, committed 9088K, reserved 1048576K
}
Event: 2257.663 GC heap before
{Heap before GC invocations=129 (full 0):
 garbage-first heap   total 98304K, used 80278K [0x0000000741c00000, 0x0000000800000000)
  region size 2048K, 21 young (43008K), 1 survivors (2048K)
 Metaspace       used 71370K, committed 71936K, reserved 1114112K
  class space    used 8816K, committed 9088K, reserved 1048576K
}
Event: 2257.664 GC heap after
{Heap after GC invocations=130 (full 0):
 garbage-first heap   total 98304K, used 39330K [0x0000000741c00000, 0x0000000800000000)
  region size 2048K, 1 young (2048K), 1 survivors (2048K)
 Metaspace       used 71370K, committed 71936K, reserved 1114112K
  class space    used 8816K, committed 9088K, reserved 1048576K
}
Event: 2260.641 GC heap before
{Heap before GC invocations=130 (full 0):
 garbage-first heap   total 98304K, used 80290K [0x0000000741c00000, 0x0000000800000000)
  region size 2048K, 21 young (43008K), 1 survivors (2048K)
 Metaspace       used 71370K, committed 71936K, reserved 1114112K
  class space    used 8816K, committed 9088K, reserved 1048576K
}
Event: 2260.642 GC heap after
{Heap after GC invocations=131 (full 0):
 garbage-first heap   total 98304K, used 39291K [0x0000000741c00000, 0x0000000800000000)
  region size 2048K, 1 young (2048K), 1 survivors (2048K)
 Metaspace       used 71370K, committed 71936K, reserved 1114112K
  class space    used 8816K, committed 9088K, reserved 1048576K
}
Event: 2263.081 GC heap before
{Heap before GC invocations=131 (full 0):
 garbage-first heap   total 98304K, used 80251K [0x0000000741c00000, 0x0000000800000000)
  region size 2048K, 21 young (43008K), 1 survivors (2048K)
 Metaspace       used 71370K, committed 71936K, reserved 1114112K
  class space    used 8816K, committed 9088K, reserved 1048576K
}
Event: 2263.082 GC heap after
{Heap after GC invocations=132 (full 0):
 garbage-first heap   total 98304K, used 39301K [0x0000000741c00000, 0x0000000800000000)
  region size 2048K, 1 young (2048K), 1 survivors (2048K)
 Metaspace       used 71370K, committed 71936K, reserved 1114112K
  class space    used 8816K, committed 9088K, reserved 1048576K
}
Event: 2266.084 GC heap before
{Heap before GC invocations=132 (full 0):
 garbage-first heap   total 98304K, used 80261K [0x0000000741c00000, 0x0000000800000000)
  region size 2048K, 21 young (43008K), 1 survivors (2048K)
 Metaspace       used 71370K, committed 71936K, reserved 1114112K
  class space    used 8816K, committed 9088K, reserved 1048576K
}
Event: 2266.085 GC heap after
{Heap after GC invocations=133 (full 0):
 garbage-first heap   total 98304K, used 39332K [0x0000000741c00000, 0x0000000800000000)
  region size 2048K, 1 young (2048K), 1 survivors (2048K)
 Metaspace       used 71370K, committed 71936K, reserved 1114112K
  class space    used 8816K, committed 9088K, reserved 1048576K
}
Event: 2268.822 GC heap before
{Heap before GC invocations=133 (full 0):
 garbage-first heap   total 98304K, used 80292K [0x0000000741c00000, 0x0000000800000000)
  region size 2048K, 21 young (43008K), 1 survivors (2048K)
 Metaspace       used 71370K, committed 71936K, reserved 1114112K
  class space    used 8816K, committed 9088K, reserved 1048576K
}
Event: 2268.823 GC heap after
{Heap after GC invocations=134 (full 0):
 garbage-first heap   total 98304K, used 39297K [0x0000000741c00000, 0x0000000800000000)
  region size 2048K, 1 young (2048K), 1 survivors (2048K)
 Metaspace       used 71370K, committed 71936K, reserved 1114112K
  class space    used 8816K, committed 9088K, reserved 1048576K
}
Event: 2271.212 GC heap before
{Heap before GC invocations=134 (full 0):
 garbage-first heap   total 98304K, used 80257K [0x0000000741c00000, 0x0000000800000000)
  region size 2048K, 21 young (43008K), 1 survivors (2048K)
 Metaspace       used 71370K, committed 71936K, reserved 1114112K
  class space    used 8816K, committed 9088K, reserved 1048576K
}
Event: 2271.213 GC heap after
{Heap after GC invocations=135 (full 0):
 garbage-first heap   total 98304K, used 39308K [0x0000000741c00000, 0x0000000800000000)
  region size 2048K, 1 young (2048K), 1 survivors (2048K)
 Metaspace       used 71370K, committed 71936K, reserved 1114112K
  class space    used 8816K, committed 9088K, reserved 1048576K
}
Event: 2274.068 GC heap before
{Heap before GC invocations=135 (full 0):
 garbage-first heap   total 98304K, used 80268K [0x0000000741c00000, 0x0000000800000000)
  region size 2048K, 21 young (43008K), 1 survivors (2048K)
 Metaspace       used 71370K, committed 71936K, reserved 1114112K
  class space    used 8816K, committed 9088K, reserved 1048576K
}
Event: 2274.069 GC heap after
{Heap after GC invocations=136 (full 0):
 garbage-first heap   total 98304K, used 39305K [0x0000000741c00000, 0x0000000800000000)
  region size 2048K, 1 young (2048K), 1 survivors (2048K)
 Metaspace       used 71370K, committed 71936K, reserved 1114112K
  class space    used 8816K, committed 9088K, reserved 1048576K
}
Event: 2277.125 GC heap before
{Heap before GC invocations=136 (full 0):
 garbage-first heap   total 98304K, used 80265K [0x0000000741c00000, 0x0000000800000000)
  region size 2048K, 21 young (43008K), 1 survivors (2048K)
 Metaspace       used 71370K, committed 71936K, reserved 1114112K
  class space    used 8816K, committed 9088K, reserved 1048576K
}
Event: 2277.125 GC heap after
{Heap after GC invocations=137 (full 0):
 garbage-first heap   total 98304K, used 39347K [0x0000000741c00000, 0x0000000800000000)
  region size 2048K, 1 young (2048K), 1 survivors (2048K)
 Metaspace       used 71370K, committed 71936K, reserved 1114112K
  class space    used 8816K, committed 9088K, reserved 1048576K
}

